Determining if the pthread_create exist failed with the following output:
Change Dir: /home/lajoiepy/Documents/master/mit/SE-Sync/C++/CMakeFiles/CMakeTmp

Run Build Command:"/usr/bin/make" "cmTC_3a5cd/fast"
/usr/bin/make -f CMakeFiles/cmTC_3a5cd.dir/build.make CMakeFiles/cmTC_3a5cd.dir/build
make[1]: Entering directory '/home/lajoiepy/Documents/master/mit/SE-Sync/C++/CMakeFiles/CMakeTmp'
Building C object CMakeFiles/cmTC_3a5cd.dir/CheckSymbolExists.c.o
/usr/bin/cc    -fPIC    -o CMakeFiles/cmTC_3a5cd.dir/CheckSymbolExists.c.o   -c /home/lajoiepy/Documents/master/mit/SE-Sync/C++/CMakeFiles/CMakeTmp/CheckSymbolExists.c
Linking C executable cmTC_3a5cd
/usr/bin/cmake -E cmake_link_script CMakeFiles/cmTC_3a5cd.dir/link.txt --verbose=1
/usr/bin/cc  -fPIC     CMakeFiles/cmTC_3a5cd.dir/CheckSymbolExists.c.o  -o cmTC_3a5cd -rdynamic 
CMakeFiles/cmTC_3a5cd.dir/CheckSymbolExists.c.o: In function `main':
CheckSymbolExists.c:(.text+0x1b): undefined reference to `pthread_create'
collect2: error: ld returned 1 exit status
CMakeFiles/cmTC_3a5cd.dir/build.make:97: recipe for target 'cmTC_3a5cd' failed
make[1]: *** [cmTC_3a5cd] Error 1
make[1]: Leaving directory '/home/lajoiepy/Documents/master/mit/SE-Sync/C++/CMakeFiles/CMakeTmp'
Makefile:126: recipe for target 'cmTC_3a5cd/fast' failed
make: *** [cmTC_3a5cd/fast] Error 2

File /home/lajoiepy/Documents/master/mit/SE-Sync/C++/CMakeFiles/CMakeTmp/CheckSymbolExists.c:
/* */
#include <pthread.h>

int main(int argc, char** argv)
{
  (void)argv;
#ifndef pthread_create
  return ((int*)(&pthread_create))[argc];
#else
  (void)argc;
  return 0;
#endif
}

Determining if the function pthread_create exists in the pthreads failed with the following output:
Change Dir: /home/lajoiepy/Documents/master/mit/SE-Sync/C++/CMakeFiles/CMakeTmp

Run Build Command:"/usr/bin/make" "cmTC_73987/fast"
/usr/bin/make -f CMakeFiles/cmTC_73987.dir/build.make CMakeFiles/cmTC_73987.dir/build
make[1]: Entering directory '/home/lajoiepy/Documents/master/mit/SE-Sync/C++/CMakeFiles/CMakeTmp'
Building C object CMakeFiles/cmTC_73987.dir/CheckFunctionExists.c.o
/usr/bin/cc    -fPIC -DCHECK_FUNCTION_EXISTS=pthread_create   -o CMakeFiles/cmTC_73987.dir/CheckFunctionExists.c.o   -c /usr/share/cmake-3.5/Modules/CheckFunctionExists.c
Linking C executable cmTC_73987
/usr/bin/cmake -E cmake_link_script CMakeFiles/cmTC_73987.dir/link.txt --verbose=1
/usr/bin/cc  -fPIC -DCHECK_FUNCTION_EXISTS=pthread_create    CMakeFiles/cmTC_73987.dir/CheckFunctionExists.c.o  -o cmTC_73987 -rdynamic -lpthreads 
/usr/bin/ld: cannot find -lpthreads
collect2: error: ld returned 1 exit status
CMakeFiles/cmTC_73987.dir/build.make:97: recipe for target 'cmTC_73987' failed
make[1]: *** [cmTC_73987] Error 1
make[1]: Leaving directory '/home/lajoiepy/Documents/master/mit/SE-Sync/C++/CMakeFiles/CMakeTmp'
Makefile:126: recipe for target 'cmTC_73987/fast' failed
make: *** [cmTC_73987/fast] Error 2


